<?xml version="1.0" encoding="UTF-8"?>
<!-- Generated by org.testng.reporters.JUnitReportReporter -->
<testsuite hostname="salimsouidi" failures="0" tests="1" name="sauceTest.LoginPageTest" time="6.664" errors="0" timestamp="2024-06-16T01:25:18 GMT+01:00" skipped="0">
  <testcase classname="sauceTest.LoginPageTest" name="loginTest" time="6.664"/>
</testsuite> <!-- sauceTest.LoginPageTest -->
